2024-12-09 22:41:57,700 - INFO - 开始数据加载和预处理...
2024-12-09 22:41:57,796 - INFO - 添加时间特征...
2024-12-09 22:41:58,241 - INFO - 添加滞后特征...
2024-12-09 22:41:58,634 - INFO - 开始模型训练...
2024-12-09 22:41:58,675 - INFO - 训练折次 1/5...
2024-12-09 22:42:00,029 - INFO - Fold 1 - RMSE: 0.5750, MAE: 0.4429, R2: 0.8624
2024-12-09 22:42:00,029 - INFO - 训练折次 2/5...
2024-12-09 22:42:03,498 - INFO - Fold 2 - RMSE: 0.5998, MAE: 0.4239, R2: 0.8651
2024-12-09 22:42:03,499 - INFO - 训练折次 3/5...
2024-12-09 22:42:07,415 - INFO - Fold 3 - RMSE: 0.4989, MAE: 0.3788, R2: 0.8935
2024-12-09 22:42:07,415 - INFO - 训练折次 4/5...
2024-12-09 22:42:14,598 - INFO - Fold 4 - RMSE: 0.4629, MAE: 0.3509, R2: 0.9180
2024-12-09 22:42:14,601 - INFO - 训练折次 5/5...
2024-12-09 22:42:19,605 - INFO - Fold 5 - RMSE: 0.7572, MAE: 0.4835, R2: 0.8221
2024-12-09 22:42:19,606 - INFO - 平均评估指标 - RMSE: 0.5788, MAE: 0.4160, R2: 0.8722
2024-12-09 22:42:19,606 - INFO - 开始测试集预测...
2024-12-09 22:42:19,627 - ERROR - 发生错误: 'lag_47'
2024-12-09 22:44:41,189 - INFO - 开始数据加载和预处理...
2024-12-09 22:44:41,282 - INFO - 添加时间特征...
2024-12-09 22:44:41,747 - INFO - 添加滞后特征...
2024-12-09 22:44:42,137 - INFO - 开始模型训练...
2024-12-09 22:44:42,173 - INFO - 训练折次 1/5...
2024-12-09 22:44:43,108 - INFO - Fold 1 - RMSE: 0.5750, MAE: 0.4429, R2: 0.8624
2024-12-09 22:44:43,108 - INFO - 训练折次 2/5...
2024-12-09 22:44:46,461 - INFO - Fold 2 - RMSE: 0.5998, MAE: 0.4239, R2: 0.8651
2024-12-09 22:44:46,462 - INFO - 训练折次 3/5...
2024-12-09 22:44:50,360 - INFO - Fold 3 - RMSE: 0.4989, MAE: 0.3788, R2: 0.8935
2024-12-09 22:44:50,361 - INFO - 训练折次 4/5...
2024-12-09 22:44:57,362 - INFO - Fold 4 - RMSE: 0.4629, MAE: 0.3509, R2: 0.9180
2024-12-09 22:44:57,362 - INFO - 训练折次 5/5...
2024-12-09 22:45:02,160 - INFO - Fold 5 - RMSE: 0.7572, MAE: 0.4835, R2: 0.8221
2024-12-09 22:45:02,160 - INFO - 开始测试集预测...
2024-12-09 22:46:31,001 - INFO - 保存预测结果...
2024-12-09 22:46:31,195 - INFO - 预测完成，结果已保存为 submission.csv 文件
